c:\dev\research\cloudhouse.detours\debug\cloudhouse.detours.pch
c:\dev\research\cloudhouse.detours\debug\cloudhouse.detours.pdb
c:\dev\research\cloudhouse.detours\debug\cloudhouse.detours.idb
c:\dev\research\cloudhouse.detours\debug\stdafx.obj
c:\dev\research\cloudhouse.detours\debug\cloudhouse.detour.obj
c:\dev\research\cloudhouse.detours\debug\creatwth.obj
c:\dev\research\cloudhouse.detours\debug\detours.obj
c:\dev\research\cloudhouse.detours\debug\disasm.obj
c:\dev\research\cloudhouse.detours\debug\image.obj
c:\dev\research\cloudhouse.detours\debug\modules.obj
c:\dev\aav2\cloudhouse.detours\debug\cloudhouse.detours.pch
c:\dev\aav2\cloudhouse.detours\debug\cloudhouse.detours.pdb
c:\dev\aav2\cloudhouse.detours\debug\cloudhouse.detours.idb
c:\dev\aav2\cloudhouse.detours\debug\stdafx.obj
c:\dev\aav2\cloudhouse.detours\debug\cloudhouse.detour.obj
c:\dev\aav2\cloudhouse.detours\debug\creatwth.obj
c:\dev\aav2\cloudhouse.detours\debug\detours.obj
c:\dev\aav2\cloudhouse.detours\debug\disasm.obj
c:\dev\aav2\cloudhouse.detours\debug\image.obj
c:\dev\aav2\cloudhouse.detours\debug\modules.obj
c:\dev\research\debug\cloudhouse.detours.lib
c:\dev\aav2\debug\cloudhouse.detours.lib
c:\dev\aav2\debug\cloudhouse.detours.pdb
c:\dev\aav2\cloudhouse.detours\debug\cloudhou.bd117778.tlog\cl.command.1.tlog
c:\dev\aav2\cloudhouse.detours\debug\cloudhou.bd117778.tlog\cl.read.1.tlog
c:\dev\aav2\cloudhouse.detours\debug\cloudhou.bd117778.tlog\cl.write.1.tlog
c:\dev\aav2\cloudhouse.detours\debug\cloudhou.bd117778.tlog\lib-link.read.1.tlog
c:\dev\aav2\cloudhouse.detours\debug\cloudhou.bd117778.tlog\lib-link.write.1.tlog
c:\dev\aav2\cloudhouse.detours\debug\cloudhou.bd117778.tlog\lib.command.1.tlog
