c:\dev\research\debug\aavhook.lib
c:\dev\research\debug\aavhook.exp
c:\dev\aav2\debug\aavhook.lib
c:\dev\aav2\debug\aavhook.exp
c:\dev\research\aavhook\debug\aavhook.pch
c:\dev\research\aavhook\debug\vc141.pdb
c:\dev\research\aavhook\debug\vc141.idb
c:\dev\research\aavhook\debug\stdafx.obj
c:\dev\research\aavhook\debug\aavhook.obj
c:\dev\research\aavhook\debug\comhooks.obj
c:\dev\research\aavhook\debug\loadlibraryhook.obj
c:\dev\research\aavhook\debug\dllmain.obj
c:\dev\aav2\aavhook\debug\aavhook.pch
c:\dev\aav2\aavhook\debug\vc141.pdb
c:\dev\aav2\aavhook\debug\vc141.idb
c:\dev\aav2\aavhook\debug\stdafx.obj
c:\dev\aav2\aavhook\debug\aavhook.obj
c:\dev\aav2\aavhook\debug\comhooks.obj
c:\dev\aav2\aavhook\debug\loadlibraryhook.obj
c:\dev\aav2\aavhook\debug\dllmain.obj
c:\dev\aav2\aavhook\debug\nthooks.obj
c:\dev\aav2\aavhook\debug\ntdirectoryobjecthooks.obj
c:\dev\aav2\aavhook\debug\ntmutanthooks.obj
c:\dev\aav2\aavhook\debug\ntsectionhooks.obj
c:\dev\aav2\aavhook\debug\ntsemaphorehooks.obj
c:\dev\aav2\aavhook\debug\ruleengine.obj
c:\dev\aav2\aavhook\debug\ntattributesfilehooks.obj
c:\dev\aav2\aavhook\debug\nteventhooks.obj
c:\dev\aav2\aavhook\debug\nttimerhooks.obj
c:\dev\aav2\aavhook\debug\ntporthooks.obj
c:\dev\aav2\aavhook\debug\unicodestring.obj
c:\dev\aav2\aavhook\debug\rtl.obj
c:\dev\aav2\aavhook\debug\myunicodestring.obj
c:\dev\research\debug\aavhook.ilk
c:\dev\research\debug\aavhook.dll
c:\dev\research\debug\aavhook.pdb
c:\dev\aav2\debug\aavhook.ilk
c:\dev\aav2\debug\aavhook.dll
c:\dev\aav2\debug\aavhook.pdb
c:\dev\aav2\aavhook\debug\comhooks.obj.enc
c:\dev\aav2\aavhook\debug\aavhook.tlog\aavhook.write.1u.tlog
c:\dev\aav2\aavhook\debug\aavhook.tlog\cl.command.1.tlog
c:\dev\aav2\aavhook\debug\aavhook.tlog\cl.read.1.tlog
c:\dev\aav2\aavhook\debug\aavhook.tlog\cl.write.1.tlog
c:\dev\aav2\aavhook\debug\aavhook.tlog\link-cvtres.read.1.tlog
c:\dev\aav2\aavhook\debug\aavhook.tlog\link-cvtres.write.1.tlog
c:\dev\aav2\aavhook\debug\aavhook.tlog\link-rc.read.1.tlog
c:\dev\aav2\aavhook\debug\aavhook.tlog\link-rc.write.1.tlog
c:\dev\aav2\aavhook\debug\aavhook.tlog\link.3288-cvtres.read.1.tlog
c:\dev\aav2\aavhook\debug\aavhook.tlog\link.3288-cvtres.write.1.tlog
c:\dev\aav2\aavhook\debug\aavhook.tlog\link.3288-rc.read.1.tlog
c:\dev\aav2\aavhook\debug\aavhook.tlog\link.3288-rc.write.1.tlog
c:\dev\aav2\aavhook\debug\aavhook.tlog\link.3288.read.1.tlog
c:\dev\aav2\aavhook\debug\aavhook.tlog\link.3288.write.1.tlog
c:\dev\aav2\aavhook\debug\aavhook.tlog\link.command.1.tlog
c:\dev\aav2\aavhook\debug\aavhook.tlog\link.read.1.tlog
c:\dev\aav2\aavhook\debug\aavhook.tlog\link.write.1.tlog
